<?xml version="1.0" encoding="UTF-8"?>
<testng-results skipped="0" failed="0" ignored="0" total="1" passed="1">
  <reporter-output>
  </reporter-output>
  <suite name="Default suite" duration-ms="69652" started-at="2019-09-19T06:36:27Z" finished-at="2019-09-19T06:37:37Z">
    <groups>
    </groups>
    <test name="Default test" duration-ms="69652" started-at="2019-09-19T06:36:27Z" finished-at="2019-09-19T06:37:37Z">
      <class name="com.revlog.qa.testcases.TicketUploadTest">
        <test-method status="PASS" signature="setUp()[pri:0, instance:com.revlog.qa.testcases.TicketUploadTest@7791a895]" name="setUp" is-config="true" duration-ms="31254" started-at="2019-09-19T06:36:27Z" finished-at="2019-09-19T06:36:59Z">
          <reporter-output>
          </reporter-output>
        </test-method> <!-- setUp -->
        <test-method status="PASS" signature="upload()[pri:0, instance:com.revlog.qa.testcases.TicketUploadTest@7791a895]" name="upload" duration-ms="38259" started-at="2019-09-19T06:36:59Z" finished-at="2019-09-19T06:37:37Z">
          <reporter-output>
          </reporter-output>
        </test-method> <!-- upload -->
        <test-method status="PASS" signature="tearDown()[pri:0, instance:com.revlog.qa.testcases.TicketUploadTest@7791a895]" name="tearDown" is-config="true" duration-ms="103" started-at="2019-09-19T06:37:37Z" finished-at="2019-09-19T06:37:37Z">
          <reporter-output>
          </reporter-output>
        </test-method> <!-- tearDown -->
      </class> <!-- com.revlog.qa.testcases.TicketUploadTest -->
    </test> <!-- Default test -->
  </suite> <!-- Default suite -->
</testng-results>
